<?xml version="1.0" encoding="UTF-8"?>
<robot generator="Robot 6.1.1 (Python 3.11.7 on win32)" generated="20231205 18:06:46.002" rpa="false" schemaversion="4">
<suite id="s1" name="Procedure-HorizonGav" source="c:\Users\INFI-2\Desktop\Project-Infi\Test-project\Luca.FunctionalTest.E2E.UI\Particulier\GammePrevoyance\Procedure-HorizonGav.robot">
<test id="s1-t1" name="Test de Connexion à la Page" line="12">
<kw name="Open Browser" library="QWeb">
<arg>https://luca-dev2.spvie.com/auth/sign-in</arg>
<arg>chrome</arg>
<tag>Browser</tag>
<tag>Interaction</tag>
<doc>Open new browser to given url.</doc>
<msg timestamp="20231205 18:06:48.457" level="INFO">
QWeb version number: 3.0.0</msg>
<msg timestamp="20231205 18:06:50.484" level="INFO">Browser: chrome</msg>
<msg timestamp="20231205 18:06:50.489" level="INFO">Browser version: 119.0.6045.200</msg>
<msg timestamp="20231205 18:06:50.491" level="INFO">Chromedriver version: 119.0.6045.105 (38c72552c5e15ba9b3117c0967a0fd105072d7c6-refs/branch-heads/6045@{#1103})</msg>
<status status="PASS" starttime="20231205 18:06:48.454" endtime="20231205 18:06:52.823"/>
</kw>
<kw name="Set Variable" library="BuiltIn">
<var>${range_locator}</var>
<arg>css:.input-range</arg>
<doc>Returns the given values which can then be assigned to a variables.</doc>
<msg timestamp="20231205 18:06:52.826" level="INFO">${range_locator} = css:.input-range</msg>
<status status="PASS" starttime="20231205 18:06:52.825" endtime="20231205 18:06:52.826"/>
</kw>
<kw name="Type Text" library="QWeb">
<arg>Email</arg>
<arg>demo-sogeti@spvie.com</arg>
<tag>Input</tag>
<tag>Interaction</tag>
<doc>Type given text to a text field.</doc>
<status status="PASS" starttime="20231205 18:06:52.827" endtime="20231205 18:06:53.645"/>
</kw>
<kw name="Type Text" library="QWeb">
<arg>Mot de passe</arg>
<arg>czUG6R3yuWLwLwQq</arg>
<tag>Input</tag>
<tag>Interaction</tag>
<doc>Type given text to a text field.</doc>
<status status="PASS" starttime="20231205 18:06:53.646" endtime="20231205 18:06:53.911"/>
</kw>
<kw name="Click Text" library="QWeb">
<arg>Connexion</arg>
<tag>Interaction</tag>
<tag>Text</tag>
<doc>Click text on web page.</doc>
<status status="PASS" starttime="20231205 18:06:53.912" endtime="20231205 18:06:54.119"/>
</kw>
<kw name="Click Text" library="QWeb">
<arg>Tarificateur</arg>
<tag>Interaction</tag>
<tag>Text</tag>
<doc>Click text on web page.</doc>
<status status="PASS" starttime="20231205 18:06:54.121" endtime="20231205 18:06:57.486"/>
</kw>
<kw name="Scroll" library="QWeb">
<arg>Gamme Prévoyance</arg>
<tag>Browser</tag>
<tag>Interaction</tag>
<doc>Scrolls the page/element to given direction.</doc>
<status status="PASS" starttime="20231205 18:06:57.492" endtime="20231205 18:06:59.070"/>
</kw>
<kw name="Verify Text" library="QWeb">
<arg>HORIZON GAV</arg>
<tag>Text</tag>
<tag>Verification</tag>
<doc>Verify page contains given text.</doc>
<status status="PASS" starttime="20231205 18:06:59.071" endtime="20231205 18:06:59.317"/>
</kw>
<kw name="Click Text" library="QWeb">
<arg>Faire un devis</arg>
<arg>9</arg>
<tag>Interaction</tag>
<tag>Text</tag>
<doc>Click text on web page.</doc>
<status status="PASS" starttime="20231205 18:06:59.320" endtime="20231205 18:06:59.576"/>
</kw>
<kw name="Type Text" library="QWeb">
<arg>Date de naissance de l'assuré</arg>
<arg>${customerBirthday}</arg>
<tag>Input</tag>
<tag>Interaction</tag>
<doc>Type given text to a text field.</doc>
<status status="PASS" starttime="20231205 18:06:59.578" endtime="20231205 18:07:02.377"/>
</kw>
<kw name="Type Text" library="QWeb">
<arg>Date de naissance du conjoint</arg>
<arg>${spouseBirthday}</arg>
<tag>Input</tag>
<tag>Interaction</tag>
<doc>Type given text to a text field.</doc>
<status status="PASS" starttime="20231205 18:07:02.378" endtime="20231205 18:07:03.888"/>
</kw>
<kw name="Click Element" library="QWeb">
<arg>xpath=//button[@class='ng-star-inserted']</arg>
<tag>Interaction</tag>
<doc>Click element specified by xpath.</doc>
<status status="PASS" starttime="20231205 18:07:03.890" endtime="20231205 18:07:04.833"/>
</kw>
<kw name="Type Text" library="QWeb">
<arg>Revenu mensuel brut :</arg>
<arg>250</arg>
<tag>Input</tag>
<tag>Interaction</tag>
<doc>Type given text to a text field.</doc>
<status status="PASS" starttime="20231205 18:07:04.836" endtime="20231205 18:07:06.047"/>
</kw>
<kw name="Click Text" library="QWeb">
<arg>Valider</arg>
<tag>Interaction</tag>
<tag>Text</tag>
<doc>Click text on web page.</doc>
<status status="PASS" starttime="20231205 18:07:06.048" endtime="20231205 18:07:06.205"/>
</kw>
<kw name="Scroll" library="QWeb">
<arg>Garanties &amp; Cotisations</arg>
<tag>Browser</tag>
<tag>Interaction</tag>
<doc>Scrolls the page/element to given direction.</doc>
<status status="PASS" starttime="20231205 18:07:06.206" endtime="20231205 18:07:10.139"/>
</kw>
<kw name="Click Item" library="QWeb">
<arg>devoir de conseil</arg>
<tag>Interaction</tag>
<tag>Item</tag>
<doc>Click item (usually icon or picture) on webpage.</doc>
<status status="PASS" starttime="20231205 18:07:10.140" endtime="20231205 18:07:10.839"/>
</kw>
<kw name="Click Element" library="QWeb">
<arg>xpath=//div/div[1]/div/ng-component/div/form/section[2]/div[2]/div[2]/overlay-devoir-conseil/p-dialog[2]/div/div/div[3]/div/input</arg>
<tag>Interaction</tag>
<doc>Click element specified by xpath.</doc>
<status status="PASS" starttime="20231205 18:07:10.840" endtime="20231205 18:07:11.167"/>
</kw>
<kw name="Click Text" library="QWeb">
<arg>Valider</arg>
<tag>Interaction</tag>
<tag>Text</tag>
<doc>Click text on web page.</doc>
<status status="PASS" starttime="20231205 18:07:11.168" endtime="20231205 18:07:11.410"/>
</kw>
<kw name="Click Text" library="QWeb">
<arg>Seul</arg>
<tag>Interaction</tag>
<tag>Text</tag>
<doc>Click text on web page.</doc>
<status status="PASS" starttime="20231205 18:07:11.411" endtime="20231205 18:07:11.666"/>
</kw>
<kw name="Click Text" library="QWeb">
<arg>Ajouter</arg>
<tag>Interaction</tag>
<tag>Text</tag>
<doc>Click text on web page.</doc>
<status status="PASS" starttime="20231205 18:07:11.667" endtime="20231205 18:07:12.255"/>
</kw>
<kw name="Scroll" library="QWeb">
<arg>Adhérent / Premier assuré</arg>
<tag>Browser</tag>
<tag>Interaction</tag>
<doc>Scrolls the page/element to given direction.</doc>
<status status="PASS" starttime="20231205 18:07:12.256" endtime="20231205 18:07:15.936"/>
</kw>
<status status="PASS" starttime="20231205 18:06:48.453" endtime="20231205 18:07:15.937"/>
</test>
<status status="PASS" starttime="20231205 18:06:46.031" endtime="20231205 18:07:15.940"/>
</suite>
<statistics>
<total>
<stat pass="1" fail="0" skip="0">All Tests</stat>
</total>
<tag>
</tag>
<suite>
<stat pass="1" fail="0" skip="0" id="s1" name="Procedure-HorizonGav">Procedure-HorizonGav</stat>
</suite>
</statistics>
<errors>
</errors>
</robot>
