<?xml version="1.0" encoding="UTF-8"?>
<robot generator="Robot 6.1.1 (Python 3.11.7 on win32)" generated="20231206 11:24:50.236" rpa="false" schemaversion="4">
<suite id="s1" name="Parcours-HORIZON-IJ-HOSPITALISATION" source="c:\Users\INFI-2\Desktop\Project-Infi\Luca.FunctionalTest.E2E.UI\Particulier\GammePrevoyance\Parcours-HORIZON-IJ-HOSPITALISATION.robot">
<test id="s1-t1" name="Test de Connexion à la Page" line="13">
<kw name="Open Browser" library="QWeb">
<arg>https://luca-dev2.spvie.com/auth/sign-in</arg>
<arg>chrome</arg>
<tag>Browser</tag>
<tag>Interaction</tag>
<doc>Open new browser to given url.</doc>
<msg timestamp="20231206 11:24:53.166" level="INFO">
QWeb version number: 3.0.0</msg>
<msg timestamp="20231206 11:24:56.953" level="INFO">Browser: chrome</msg>
<msg timestamp="20231206 11:24:56.954" level="INFO">Browser version: 119.0.6045.200</msg>
<msg timestamp="20231206 11:24:56.962" level="INFO">Chromedriver version: 119.0.6045.105 (38c72552c5e15ba9b3117c0967a0fd105072d7c6-refs/branch-heads/6045@{#1103})</msg>
<status status="PASS" starttime="20231206 11:24:53.165" endtime="20231206 11:24:59.800"/>
</kw>
<kw name="Type Text" library="QWeb">
<arg>Email</arg>
<arg>demo-sogeti@spvie.com</arg>
<tag>Input</tag>
<tag>Interaction</tag>
<doc>Type given text to a text field.</doc>
<status status="PASS" starttime="20231206 11:24:59.801" endtime="20231206 11:25:00.136"/>
</kw>
<kw name="Type Text" library="QWeb">
<arg>Mot de passe</arg>
<arg>czUG6R3yuWLwLwQq</arg>
<tag>Input</tag>
<tag>Interaction</tag>
<doc>Type given text to a text field.</doc>
<status status="PASS" starttime="20231206 11:25:00.137" endtime="20231206 11:25:00.354"/>
</kw>
<kw name="Click Text" library="QWeb">
<arg>Connexion</arg>
<tag>Interaction</tag>
<tag>Text</tag>
<doc>Click text on web page.</doc>
<status status="PASS" starttime="20231206 11:25:00.356" endtime="20231206 11:25:00.486"/>
</kw>
<kw name="Click Text" library="QWeb">
<arg>Tarificateur</arg>
<tag>Interaction</tag>
<tag>Text</tag>
<doc>Click text on web page.</doc>
<status status="PASS" starttime="20231206 11:25:00.487" endtime="20231206 11:25:02.984"/>
</kw>
<kw name="Scroll" library="QWeb">
<arg>Gamme Prévoyance</arg>
<tag>Browser</tag>
<tag>Interaction</tag>
<doc>Scrolls the page/element to given direction.</doc>
<status status="PASS" starttime="20231206 11:25:02.985" endtime="20231206 11:25:04.667"/>
</kw>
<kw name="Verify Text" library="QWeb">
<arg>HORIZON GAV</arg>
<tag>Text</tag>
<tag>Verification</tag>
<doc>Verify page contains given text.</doc>
<status status="PASS" starttime="20231206 11:25:04.668" endtime="20231206 11:25:04.888"/>
</kw>
<kw name="Click Text" library="QWeb">
<arg>Faire un devis</arg>
<arg>9</arg>
<tag>Interaction</tag>
<tag>Text</tag>
<doc>Click text on web page.</doc>
<status status="PASS" starttime="20231206 11:25:04.889" endtime="20231206 11:25:05.028"/>
</kw>
<kw name="Verify Text" library="QWeb">
<arg>Informations tarifantes</arg>
<tag>Text</tag>
<tag>Verification</tag>
<doc>Verify page contains given text.</doc>
<status status="PASS" starttime="20231206 11:25:05.029" endtime="20231206 11:25:07.703"/>
</kw>
<kw name="Type Text" library="QWeb">
<arg>Date de naissance de l'assuré</arg>
<arg>${customerBirthday}</arg>
<tag>Input</tag>
<tag>Interaction</tag>
<doc>Type given text to a text field.</doc>
<status status="PASS" starttime="20231206 11:25:07.704" endtime="20231206 11:25:08.434"/>
</kw>
<kw name="Type Text" library="QWeb">
<arg>Date de naissance du conjoint</arg>
<arg>${spouseBirthday}</arg>
<tag>Input</tag>
<tag>Interaction</tag>
<doc>Type given text to a text field.</doc>
<status status="PASS" starttime="20231206 11:25:08.435" endtime="20231206 11:25:09.612"/>
</kw>
<kw name="Click Item" library="QWeb">
<arg>devoir de conseil</arg>
<arg>1</arg>
<tag>Interaction</tag>
<tag>Item</tag>
<doc>Click item (usually icon or picture) on webpage.</doc>
<status status="PASS" starttime="20231206 11:25:09.613" endtime="20231206 11:25:11.059"/>
</kw>
<kw name="Type Text" library="QWeb">
<arg>Revenu mensuel brut :</arg>
<arg>250</arg>
<tag>Input</tag>
<tag>Interaction</tag>
<doc>Type given text to a text field.</doc>
<status status="PASS" starttime="20231206 11:25:11.060" endtime="20231206 11:25:12.457"/>
</kw>
<kw name="Click Text" library="QWeb">
<arg>Valider</arg>
<tag>Interaction</tag>
<tag>Text</tag>
<doc>Click text on web page.</doc>
<status status="PASS" starttime="20231206 11:25:12.458" endtime="20231206 11:25:12.631"/>
</kw>
<kw name="Verify Text" library="QWeb">
<arg>Garanties &amp; Cotisations</arg>
<tag>Text</tag>
<tag>Verification</tag>
<doc>Verify page contains given text.</doc>
<status status="PASS" starttime="20231206 11:25:12.632" endtime="20231206 11:25:12.974"/>
</kw>
<kw name="Click Item" library="QWeb">
<arg>devoir de conseil</arg>
<arg>2</arg>
<tag>Interaction</tag>
<tag>Item</tag>
<doc>Click item (usually icon or picture) on webpage.</doc>
<status status="PASS" starttime="20231206 11:25:12.975" endtime="20231206 11:25:13.405"/>
</kw>
<kw name="Execute Javascript" library="QWeb">
<arg>document.querySelector('.input-range').value = 50; document.querySelector('.input-range').dispatchEvent(new Event('change'));</arg>
<tag>Interaction</tag>
<tag>Javascript</tag>
<doc>Execute javascript and save the result to suite variable.</doc>
<msg timestamp="20231206 11:25:13.459" level="INFO">Output of execution:
None</msg>
<status status="PASS" starttime="20231206 11:25:13.407" endtime="20231206 11:25:13.461"/>
</kw>
<kw name="Click Text" library="QWeb">
<arg>Valider</arg>
<tag>Interaction</tag>
<tag>Text</tag>
<doc>Click text on web page.</doc>
<status status="PASS" starttime="20231206 11:25:13.463" endtime="20231206 11:25:13.689"/>
</kw>
<kw name="Verify Text" library="QWeb">
<arg>Nos adhérents ont également choisi...</arg>
<tag>Text</tag>
<tag>Verification</tag>
<doc>Verify page contains given text.</doc>
<status status="PASS" starttime="20231206 11:25:13.690" endtime="20231206 11:25:13.846"/>
</kw>
<kw name="Click Text" library="QWeb">
<arg>Seul</arg>
<tag>Interaction</tag>
<tag>Text</tag>
<doc>Click text on web page.</doc>
<status status="PASS" starttime="20231206 11:25:13.847" endtime="20231206 11:25:14.016"/>
</kw>
<kw name="Click Text" library="QWeb">
<arg>Ajouter</arg>
<arg>1</arg>
<tag>Interaction</tag>
<tag>Text</tag>
<doc>Click text on web page.</doc>
<status status="PASS" starttime="20231206 11:25:14.017" endtime="20231206 11:25:14.675"/>
</kw>
<kw name="Click Item" library="QWeb">
<arg>devoir de conseil</arg>
<arg>3</arg>
<tag>Interaction</tag>
<tag>Item</tag>
<doc>Click item (usually icon or picture) on webpage.</doc>
<kw name="Log Screenshot" library="QWeb">
<tag>Logging</tag>
<doc>Log screenshot to Robot Framework log.</doc>
<msg timestamp="20231206 11:25:15.298" level="INFO">Saved screenshot to C:\Users\INFI-2\Desktop\Project-Infi\Luca.FunctionalTest.E2E.UI\screenshots\screenshot-Test_de_Connexion__la_Page-ad7a278d-64b0-4c68-8134-45b493f5be46.png</msg>
<msg timestamp="20231206 11:25:15.306" level="INFO">Current url is: https://luca-dev2.spvie.com/tarificateur/ProductsPrev/Gav</msg>
<msg timestamp="20231206 11:25:15.307" level="INFO" html="true">&lt;a href="screenshots/screenshot-Test_de_Connexion__la_Page-ad7a278d-64b0-4c68-8134-45b493f5be46.png"&gt;&lt;img src="screenshots/screenshot-Test_de_Connexion__la_Page-ad7a278d-64b0-4c68-8134-45b493f5be46.png" width="800px"&gt;&lt;/a&gt;</msg>
<status status="PASS" starttime="20231206 11:25:15.076" endtime="20231206 11:25:15.307"/>
</kw>
<msg timestamp="20231206 11:25:15.309" level="FAIL">QWebInstanceDoesNotExistError: Found 2 elements. Given anchor was 3</msg>
<status status="FAIL" starttime="20231206 11:25:14.698" endtime="20231206 11:25:15.312"/>
</kw>
<kw name="Execute Javascript" library="QWeb">
<arg>document.querySelector('.input-range').value = 40; document.querySelector('.input-range').dispatchEvent(new Event('change'));</arg>
<tag>Interaction</tag>
<tag>Javascript</tag>
<doc>Execute javascript and save the result to suite variable.</doc>
<status status="NOT RUN" starttime="20231206 11:25:15.313" endtime="20231206 11:25:15.314"/>
</kw>
<kw name="Click Text" library="QWeb">
<arg>Valider</arg>
<tag>Interaction</tag>
<tag>Text</tag>
<doc>Click text on web page.</doc>
<status status="NOT RUN" starttime="20231206 11:25:15.314" endtime="20231206 11:25:15.315"/>
</kw>
<kw name="Verify Text" library="QWeb">
<arg>Adhérent / Premier assuré</arg>
<tag>Text</tag>
<tag>Verification</tag>
<doc>Verify page contains given text.</doc>
<status status="NOT RUN" starttime="20231206 11:25:15.315" endtime="20231206 11:25:15.315"/>
</kw>
<kw name="Type Text" library="QWeb">
<arg>Email</arg>
<arg>functional-tests@assurware.com</arg>
<tag>Input</tag>
<tag>Interaction</tag>
<doc>Type given text to a text field.</doc>
<status status="NOT RUN" starttime="20231206 11:25:15.316" endtime="20231206 11:25:15.316"/>
</kw>
<kw name="Type Text" library="QWeb">
<arg>Nom</arg>
<arg>Lauriat</arg>
<tag>Input</tag>
<tag>Interaction</tag>
<doc>Type given text to a text field.</doc>
<status status="NOT RUN" starttime="20231206 11:25:15.317" endtime="20231206 11:25:15.317"/>
</kw>
<kw name="Type Text" library="QWeb">
<arg>Nom de naissance</arg>
<arg>Herosside</arg>
<tag>Input</tag>
<tag>Interaction</tag>
<doc>Type given text to a text field.</doc>
<status status="NOT RUN" starttime="20231206 11:25:15.318" endtime="20231206 11:25:15.318"/>
</kw>
<kw name="Type Text" library="QWeb">
<arg>Prénom</arg>
<arg>Nom de naissance</arg>
<tag>Input</tag>
<tag>Interaction</tag>
<doc>Type given text to a text field.</doc>
<status status="NOT RUN" starttime="20231206 11:25:15.319" endtime="20231206 11:25:15.319"/>
</kw>
<status status="FAIL" starttime="20231206 11:24:53.164" endtime="20231206 11:25:15.320">QWebInstanceDoesNotExistError: Found 2 elements. Given anchor was 3</status>
</test>
<status status="FAIL" starttime="20231206 11:24:50.244" endtime="20231206 11:25:15.322"/>
</suite>
<statistics>
<total>
<stat pass="0" fail="1" skip="0">All Tests</stat>
</total>
<tag>
</tag>
<suite>
<stat pass="0" fail="1" skip="0" id="s1" name="Parcours-HORIZON-IJ-HOSPITALISATION">Parcours-HORIZON-IJ-HOSPITALISATION</stat>
</suite>
</statistics>
<errors>
</errors>
</robot>
